running egg_info
creating ../../build/robot_slam/robot_slam.egg-info
writing ../../build/robot_slam/robot_slam.egg-info/PKG-INFO
writing dependency_links to ../../build/robot_slam/robot_slam.egg-info/dependency_links.txt
writing entry points to ../../build/robot_slam/robot_slam.egg-info/entry_points.txt
writing requirements to ../../build/robot_slam/robot_slam.egg-info/requires.txt
writing top-level names to ../../build/robot_slam/robot_slam.egg-info/top_level.txt
writing manifest file '../../build/robot_slam/robot_slam.egg-info/SOURCES.txt'
reading manifest file '../../build/robot_slam/robot_slam.egg-info/SOURCES.txt'
writing manifest file '../../build/robot_slam/robot_slam.egg-info/SOURCES.txt'
running build
running build_py
creating /home/ubuntu/ros2_slam_nav_ws/build/robot_slam/build
creating /home/ubuntu/ros2_slam_nav_ws/build/robot_slam/build/lib
creating /home/ubuntu/ros2_slam_nav_ws/build/robot_slam/build/lib/robot_slam
copying robot_slam/__init__.py -> /home/ubuntu/ros2_slam_nav_ws/build/robot_slam/build/lib/robot_slam
running install
running install_lib
creating /home/ubuntu/ros2_slam_nav_ws/install/robot_slam/lib/python3.10/site-packages/robot_slam
copying /home/ubuntu/ros2_slam_nav_ws/build/robot_slam/build/lib/robot_slam/__init__.py -> /home/ubuntu/ros2_slam_nav_ws/install/robot_slam/lib/python3.10/site-packages/robot_slam
byte-compiling /home/ubuntu/ros2_slam_nav_ws/install/robot_slam/lib/python3.10/site-packages/robot_slam/__init__.py to __init__.cpython-310.pyc
running install_data
creating /home/ubuntu/ros2_slam_nav_ws/install/robot_slam/share/ament_index
creating /home/ubuntu/ros2_slam_nav_ws/install/robot_slam/share/ament_index/resource_index
creating /home/ubuntu/ros2_slam_nav_ws/install/robot_slam/share/ament_index/resource_index/packages
copying resource/robot_slam -> /home/ubuntu/ros2_slam_nav_ws/install/robot_slam/share/ament_index/resource_index/packages
copying package.xml -> /home/ubuntu/ros2_slam_nav_ws/install/robot_slam/share/robot_slam
running install_egg_info
Copying ../../build/robot_slam/robot_slam.egg-info to /home/ubuntu/ros2_slam_nav_ws/install/robot_slam/lib/python3.10/site-packages/robot_slam-0.0.0-py3.10.egg-info
running install_scripts
writing list of installed files to '/home/ubuntu/ros2_slam_nav_ws/build/robot_slam/install.log'
