running egg_info
creating ../../build/robot_nav2/robot_nav2.egg-info
writing ../../build/robot_nav2/robot_nav2.egg-info/PKG-INFO
writing dependency_links to ../../build/robot_nav2/robot_nav2.egg-info/dependency_links.txt
writing entry points to ../../build/robot_nav2/robot_nav2.egg-info/entry_points.txt
writing requirements to ../../build/robot_nav2/robot_nav2.egg-info/requires.txt
writing top-level names to ../../build/robot_nav2/robot_nav2.egg-info/top_level.txt
writing manifest file '../../build/robot_nav2/robot_nav2.egg-info/SOURCES.txt'
reading manifest file '../../build/robot_nav2/robot_nav2.egg-info/SOURCES.txt'
writing manifest file '../../build/robot_nav2/robot_nav2.egg-info/SOURCES.txt'
running build
running build_py
creating /home/ubuntu/ros2_slam_nav_ws/build/robot_nav2/build
creating /home/ubuntu/ros2_slam_nav_ws/build/robot_nav2/build/lib
creating /home/ubuntu/ros2_slam_nav_ws/build/robot_nav2/build/lib/robot_nav2
copying robot_nav2/__init__.py -> /home/ubuntu/ros2_slam_nav_ws/build/robot_nav2/build/lib/robot_nav2
running install
running install_lib
creating /home/ubuntu/ros2_slam_nav_ws/install/robot_nav2/lib/python3.10/site-packages/robot_nav2
copying /home/ubuntu/ros2_slam_nav_ws/build/robot_nav2/build/lib/robot_nav2/__init__.py -> /home/ubuntu/ros2_slam_nav_ws/install/robot_nav2/lib/python3.10/site-packages/robot_nav2
byte-compiling /home/ubuntu/ros2_slam_nav_ws/install/robot_nav2/lib/python3.10/site-packages/robot_nav2/__init__.py to __init__.cpython-310.pyc
running install_data
creating /home/ubuntu/ros2_slam_nav_ws/install/robot_nav2/share/ament_index
creating /home/ubuntu/ros2_slam_nav_ws/install/robot_nav2/share/ament_index/resource_index
creating /home/ubuntu/ros2_slam_nav_ws/install/robot_nav2/share/ament_index/resource_index/packages
copying resource/robot_nav2 -> /home/ubuntu/ros2_slam_nav_ws/install/robot_nav2/share/ament_index/resource_index/packages
copying package.xml -> /home/ubuntu/ros2_slam_nav_ws/install/robot_nav2/share/robot_nav2
running install_egg_info
Copying ../../build/robot_nav2/robot_nav2.egg-info to /home/ubuntu/ros2_slam_nav_ws/install/robot_nav2/lib/python3.10/site-packages/robot_nav2-0.0.0-py3.10.egg-info
running install_scripts
writing list of installed files to '/home/ubuntu/ros2_slam_nav_ws/build/robot_nav2/install.log'
