[1.418s] Invoking command in '/home/ubuntu/ros2_slam_nav_ws/src/robot_nav2': PYTHONPATH=/home/ubuntu/ros2_slam_nav_ws/build/robot_nav2/prefix_override:/home/ubuntu/ros2_slam_nav_ws/install/robot_nav2/lib/python3.10/site-packages:${PYTHONPATH} /usr/bin/python3 setup.py egg_info --egg-base ../../build/robot_nav2 build --build-base /home/ubuntu/ros2_slam_nav_ws/build/robot_nav2/build install --record /home/ubuntu/ros2_slam_nav_ws/build/robot_nav2/install.log --single-version-externally-managed
[1.618s] running egg_info
[1.619s] creating ../../build/robot_nav2/robot_nav2.egg-info
[1.620s] writing ../../build/robot_nav2/robot_nav2.egg-info/PKG-INFO
[1.620s] writing dependency_links to ../../build/robot_nav2/robot_nav2.egg-info/dependency_links.txt
[1.621s] writing entry points to ../../build/robot_nav2/robot_nav2.egg-info/entry_points.txt
[1.621s] writing requirements to ../../build/robot_nav2/robot_nav2.egg-info/requires.txt
[1.621s] writing top-level names to ../../build/robot_nav2/robot_nav2.egg-info/top_level.txt
[1.621s] writing manifest file '../../build/robot_nav2/robot_nav2.egg-info/SOURCES.txt'
[1.622s] reading manifest file '../../build/robot_nav2/robot_nav2.egg-info/SOURCES.txt'
[1.624s] writing manifest file '../../build/robot_nav2/robot_nav2.egg-info/SOURCES.txt'
[1.624s] running build
[1.624s] running build_py
[1.624s] creating /home/ubuntu/ros2_slam_nav_ws/build/robot_nav2/build
[1.625s] creating /home/ubuntu/ros2_slam_nav_ws/build/robot_nav2/build/lib
[1.625s] creating /home/ubuntu/ros2_slam_nav_ws/build/robot_nav2/build/lib/robot_nav2
[1.626s] copying robot_nav2/__init__.py -> /home/ubuntu/ros2_slam_nav_ws/build/robot_nav2/build/lib/robot_nav2
[1.626s] running install
[1.626s] /usr/lib/python3/dist-packages/setuptools/command/install.py:34: SetuptoolsDeprecationWarning: setup.py install is deprecated. Use build and pip and other standards-based tools.
[1.626s]   warnings.warn(
[1.627s] running install_lib
[1.628s] creating /home/ubuntu/ros2_slam_nav_ws/install/robot_nav2/lib/python3.10/site-packages/robot_nav2
[1.629s] copying /home/ubuntu/ros2_slam_nav_ws/build/robot_nav2/build/lib/robot_nav2/__init__.py -> /home/ubuntu/ros2_slam_nav_ws/install/robot_nav2/lib/python3.10/site-packages/robot_nav2
[1.630s] byte-compiling /home/ubuntu/ros2_slam_nav_ws/install/robot_nav2/lib/python3.10/site-packages/robot_nav2/__init__.py to __init__.cpython-310.pyc
[1.632s] running install_data
[1.632s] creating /home/ubuntu/ros2_slam_nav_ws/install/robot_nav2/share/ament_index
[1.633s] creating /home/ubuntu/ros2_slam_nav_ws/install/robot_nav2/share/ament_index/resource_index
[1.634s] creating /home/ubuntu/ros2_slam_nav_ws/install/robot_nav2/share/ament_index/resource_index/packages
[1.634s] copying resource/robot_nav2 -> /home/ubuntu/ros2_slam_nav_ws/install/robot_nav2/share/ament_index/resource_index/packages
[1.635s] copying package.xml -> /home/ubuntu/ros2_slam_nav_ws/install/robot_nav2/share/robot_nav2
[1.636s] running install_egg_info
[1.637s] Copying ../../build/robot_nav2/robot_nav2.egg-info to /home/ubuntu/ros2_slam_nav_ws/install/robot_nav2/lib/python3.10/site-packages/robot_nav2-0.0.0-py3.10.egg-info
[1.639s] running install_scripts
[1.664s] writing list of installed files to '/home/ubuntu/ros2_slam_nav_ws/build/robot_nav2/install.log'
[1.690s] Invoked command in '/home/ubuntu/ros2_slam_nav_ws/src/robot_nav2' returned '0': PYTHONPATH=/home/ubuntu/ros2_slam_nav_ws/build/robot_nav2/prefix_override:/home/ubuntu/ros2_slam_nav_ws/install/robot_nav2/lib/python3.10/site-packages:${PYTHONPATH} /usr/bin/python3 setup.py egg_info --egg-base ../../build/robot_nav2 build --build-base /home/ubuntu/ros2_slam_nav_ws/build/robot_nav2/build install --record /home/ubuntu/ros2_slam_nav_ws/build/robot_nav2/install.log --single-version-externally-managed
