running egg_info
creating ../../build/robot_gazebo/robot_gazebo.egg-info
writing ../../build/robot_gazebo/robot_gazebo.egg-info/PKG-INFO
writing dependency_links to ../../build/robot_gazebo/robot_gazebo.egg-info/dependency_links.txt
writing entry points to ../../build/robot_gazebo/robot_gazebo.egg-info/entry_points.txt
writing requirements to ../../build/robot_gazebo/robot_gazebo.egg-info/requires.txt
writing top-level names to ../../build/robot_gazebo/robot_gazebo.egg-info/top_level.txt
writing manifest file '../../build/robot_gazebo/robot_gazebo.egg-info/SOURCES.txt'
reading manifest file '../../build/robot_gazebo/robot_gazebo.egg-info/SOURCES.txt'
writing manifest file '../../build/robot_gazebo/robot_gazebo.egg-info/SOURCES.txt'
running build
running build_py
creating /home/ubuntu/ros2_slam_nav_ws/build/robot_gazebo/build
creating /home/ubuntu/ros2_slam_nav_ws/build/robot_gazebo/build/lib
creating /home/ubuntu/ros2_slam_nav_ws/build/robot_gazebo/build/lib/robot_gazebo
copying robot_gazebo/__init__.py -> /home/ubuntu/ros2_slam_nav_ws/build/robot_gazebo/build/lib/robot_gazebo
running install
/usr/lib/python3/dist-packages/setuptools/command/install.py:34: SetuptoolsDeprecationWarning: setup.py install is deprecated. Use build and pip and other standards-based tools.
  warnings.warn(
running install_lib
creating /home/ubuntu/ros2_slam_nav_ws/install/robot_gazebo/lib/python3.10/site-packages/robot_gazebo
copying /home/ubuntu/ros2_slam_nav_ws/build/robot_gazebo/build/lib/robot_gazebo/__init__.py -> /home/ubuntu/ros2_slam_nav_ws/install/robot_gazebo/lib/python3.10/site-packages/robot_gazebo
byte-compiling /home/ubuntu/ros2_slam_nav_ws/install/robot_gazebo/lib/python3.10/site-packages/robot_gazebo/__init__.py to __init__.cpython-310.pyc
running install_data
creating /home/ubuntu/ros2_slam_nav_ws/install/robot_gazebo/share/ament_index
creating /home/ubuntu/ros2_slam_nav_ws/install/robot_gazebo/share/ament_index/resource_index
creating /home/ubuntu/ros2_slam_nav_ws/install/robot_gazebo/share/ament_index/resource_index/packages
copying resource/robot_gazebo -> /home/ubuntu/ros2_slam_nav_ws/install/robot_gazebo/share/ament_index/resource_index/packages
copying package.xml -> /home/ubuntu/ros2_slam_nav_ws/install/robot_gazebo/share/robot_gazebo
running install_egg_info
Copying ../../build/robot_gazebo/robot_gazebo.egg-info to /home/ubuntu/ros2_slam_nav_ws/install/robot_gazebo/lib/python3.10/site-packages/robot_gazebo-0.0.0-py3.10.egg-info
running install_scripts
writing list of installed files to '/home/ubuntu/ros2_slam_nav_ws/build/robot_gazebo/install.log'
