[1.382s] Invoking command in '/home/ubuntu/ros2_slam_nav_ws/src/robot_gazebo': PYTHONPATH=/home/ubuntu/ros2_slam_nav_ws/build/robot_gazebo/prefix_override:/home/ubuntu/ros2_slam_nav_ws/install/robot_gazebo/lib/python3.10/site-packages:${PYTHONPATH} /usr/bin/python3 setup.py egg_info --egg-base ../../build/robot_gazebo build --build-base /home/ubuntu/ros2_slam_nav_ws/build/robot_gazebo/build install --record /home/ubuntu/ros2_slam_nav_ws/build/robot_gazebo/install.log --single-version-externally-managed
[1.607s] running egg_info
[1.608s] creating ../../build/robot_gazebo/robot_gazebo.egg-info
[1.608s] writing ../../build/robot_gazebo/robot_gazebo.egg-info/PKG-INFO
[1.608s] writing dependency_links to ../../build/robot_gazebo/robot_gazebo.egg-info/dependency_links.txt
[1.608s] writing entry points to ../../build/robot_gazebo/robot_gazebo.egg-info/entry_points.txt
[1.609s] writing requirements to ../../build/robot_gazebo/robot_gazebo.egg-info/requires.txt
[1.609s] writing top-level names to ../../build/robot_gazebo/robot_gazebo.egg-info/top_level.txt
[1.609s] writing manifest file '../../build/robot_gazebo/robot_gazebo.egg-info/SOURCES.txt'
[1.610s] reading manifest file '../../build/robot_gazebo/robot_gazebo.egg-info/SOURCES.txt'
[1.611s] writing manifest file '../../build/robot_gazebo/robot_gazebo.egg-info/SOURCES.txt'
[1.611s] running build
[1.611s] running build_py
[1.612s] creating /home/ubuntu/ros2_slam_nav_ws/build/robot_gazebo/build
[1.612s] creating /home/ubuntu/ros2_slam_nav_ws/build/robot_gazebo/build/lib
[1.612s] creating /home/ubuntu/ros2_slam_nav_ws/build/robot_gazebo/build/lib/robot_gazebo
[1.612s] copying robot_gazebo/__init__.py -> /home/ubuntu/ros2_slam_nav_ws/build/robot_gazebo/build/lib/robot_gazebo
[1.612s] running install
[1.613s] /usr/lib/python3/dist-packages/setuptools/command/install.py:34: SetuptoolsDeprecationWarning: setup.py install is deprecated. Use build and pip and other standards-based tools.
[1.613s]   warnings.warn(
[1.613s] running install_lib
[1.613s] creating /home/ubuntu/ros2_slam_nav_ws/install/robot_gazebo/lib/python3.10/site-packages/robot_gazebo
[1.614s] copying /home/ubuntu/ros2_slam_nav_ws/build/robot_gazebo/build/lib/robot_gazebo/__init__.py -> /home/ubuntu/ros2_slam_nav_ws/install/robot_gazebo/lib/python3.10/site-packages/robot_gazebo
[1.615s] byte-compiling /home/ubuntu/ros2_slam_nav_ws/install/robot_gazebo/lib/python3.10/site-packages/robot_gazebo/__init__.py to __init__.cpython-310.pyc
[1.615s] running install_data
[1.615s] creating /home/ubuntu/ros2_slam_nav_ws/install/robot_gazebo/share/ament_index
[1.616s] creating /home/ubuntu/ros2_slam_nav_ws/install/robot_gazebo/share/ament_index/resource_index
[1.616s] creating /home/ubuntu/ros2_slam_nav_ws/install/robot_gazebo/share/ament_index/resource_index/packages
[1.617s] copying resource/robot_gazebo -> /home/ubuntu/ros2_slam_nav_ws/install/robot_gazebo/share/ament_index/resource_index/packages
[1.618s] copying package.xml -> /home/ubuntu/ros2_slam_nav_ws/install/robot_gazebo/share/robot_gazebo
[1.618s] running install_egg_info
[1.618s] Copying ../../build/robot_gazebo/robot_gazebo.egg-info to /home/ubuntu/ros2_slam_nav_ws/install/robot_gazebo/lib/python3.10/site-packages/robot_gazebo-0.0.0-py3.10.egg-info
[1.621s] running install_scripts
[1.644s] writing list of installed files to '/home/ubuntu/ros2_slam_nav_ws/build/robot_gazebo/install.log'
[1.677s] Invoked command in '/home/ubuntu/ros2_slam_nav_ws/src/robot_gazebo' returned '0': PYTHONPATH=/home/ubuntu/ros2_slam_nav_ws/build/robot_gazebo/prefix_override:/home/ubuntu/ros2_slam_nav_ws/install/robot_gazebo/lib/python3.10/site-packages:${PYTHONPATH} /usr/bin/python3 setup.py egg_info --egg-base ../../build/robot_gazebo build --build-base /home/ubuntu/ros2_slam_nav_ws/build/robot_gazebo/build install --record /home/ubuntu/ros2_slam_nav_ws/build/robot_gazebo/install.log --single-version-externally-managed
