[1.420s] Invoking command in '/home/ubuntu/ros2_slam_nav_ws/src/robot_description': PYTHONPATH=/home/ubuntu/ros2_slam_nav_ws/build/robot_description/prefix_override:/home/ubuntu/ros2_slam_nav_ws/install/robot_description/lib/python3.10/site-packages:${PYTHONPATH} /usr/bin/python3 setup.py egg_info --egg-base ../../build/robot_description build --build-base /home/ubuntu/ros2_slam_nav_ws/build/robot_description/build install --record /home/ubuntu/ros2_slam_nav_ws/build/robot_description/install.log --single-version-externally-managed
[1.626s] running egg_info
[1.627s] creating ../../build/robot_description/robot_description.egg-info
[1.628s] writing ../../build/robot_description/robot_description.egg-info/PKG-INFO
[1.628s] writing dependency_links to ../../build/robot_description/robot_description.egg-info/dependency_links.txt
[1.629s] writing entry points to ../../build/robot_description/robot_description.egg-info/entry_points.txt
[1.630s] writing requirements to ../../build/robot_description/robot_description.egg-info/requires.txt
[1.630s] writing top-level names to ../../build/robot_description/robot_description.egg-info/top_level.txt
[1.630s] writing manifest file '../../build/robot_description/robot_description.egg-info/SOURCES.txt'
[1.631s] reading manifest file '../../build/robot_description/robot_description.egg-info/SOURCES.txt'
[1.631s] writing manifest file '../../build/robot_description/robot_description.egg-info/SOURCES.txt'
[1.631s] running build
[1.631s] running build_py
[1.632s] creating /home/ubuntu/ros2_slam_nav_ws/build/robot_description/build
[1.632s] creating /home/ubuntu/ros2_slam_nav_ws/build/robot_description/build/lib
[1.632s] creating /home/ubuntu/ros2_slam_nav_ws/build/robot_description/build/lib/robot_description
[1.632s] copying robot_description/__init__.py -> /home/ubuntu/ros2_slam_nav_ws/build/robot_description/build/lib/robot_description
[1.632s] running install
[1.632s] /usr/lib/python3/dist-packages/setuptools/command/install.py:34: SetuptoolsDeprecationWarning: setup.py install is deprecated. Use build and pip and other standards-based tools.
[1.633s]   warnings.warn(
[1.633s] running install_lib
[1.633s] creating /home/ubuntu/ros2_slam_nav_ws/install/robot_description/lib/python3.10/site-packages/robot_description
[1.633s] copying /home/ubuntu/ros2_slam_nav_ws/build/robot_description/build/lib/robot_description/__init__.py -> /home/ubuntu/ros2_slam_nav_ws/install/robot_description/lib/python3.10/site-packages/robot_description
[1.634s] byte-compiling /home/ubuntu/ros2_slam_nav_ws/install/robot_description/lib/python3.10/site-packages/robot_description/__init__.py to __init__.cpython-310.pyc
[1.635s] running install_data
[1.636s] creating /home/ubuntu/ros2_slam_nav_ws/install/robot_description/share/ament_index
[1.636s] creating /home/ubuntu/ros2_slam_nav_ws/install/robot_description/share/ament_index/resource_index
[1.637s] creating /home/ubuntu/ros2_slam_nav_ws/install/robot_description/share/ament_index/resource_index/packages
[1.638s] copying resource/robot_description -> /home/ubuntu/ros2_slam_nav_ws/install/robot_description/share/ament_index/resource_index/packages
[1.639s] copying package.xml -> /home/ubuntu/ros2_slam_nav_ws/install/robot_description/share/robot_description
[1.639s] creating /home/ubuntu/ros2_slam_nav_ws/install/robot_description/share/robot_description/urdf
[1.639s] copying urdf/robot.urdf.xacro -> /home/ubuntu/ros2_slam_nav_ws/install/robot_description/share/robot_description/urdf
[1.639s] creating /home/ubuntu/ros2_slam_nav_ws/install/robot_description/share/robot_description/launch
[1.639s] creating /home/ubuntu/ros2_slam_nav_ws/install/robot_description/share/robot_description/meshes
[1.639s] running install_egg_info
[1.642s] Copying ../../build/robot_description/robot_description.egg-info to /home/ubuntu/ros2_slam_nav_ws/install/robot_description/lib/python3.10/site-packages/robot_description-0.0.0-py3.10.egg-info
[1.643s] running install_scripts
[1.662s] writing list of installed files to '/home/ubuntu/ros2_slam_nav_ws/build/robot_description/install.log'
[1.698s] Invoked command in '/home/ubuntu/ros2_slam_nav_ws/src/robot_description' returned '0': PYTHONPATH=/home/ubuntu/ros2_slam_nav_ws/build/robot_description/prefix_override:/home/ubuntu/ros2_slam_nav_ws/install/robot_description/lib/python3.10/site-packages:${PYTHONPATH} /usr/bin/python3 setup.py egg_info --egg-base ../../build/robot_description build --build-base /home/ubuntu/ros2_slam_nav_ws/build/robot_description/build install --record /home/ubuntu/ros2_slam_nav_ws/build/robot_description/install.log --single-version-externally-managed
