[1.408s] Invoking command in '/home/ubuntu/ros2_slam_nav_ws/src/robot_bringup': PYTHONPATH=/home/ubuntu/ros2_slam_nav_ws/build/robot_bringup/prefix_override:/home/ubuntu/ros2_slam_nav_ws/install/robot_bringup/lib/python3.10/site-packages:${PYTHONPATH} /usr/bin/python3 setup.py egg_info --egg-base ../../build/robot_bringup build --build-base /home/ubuntu/ros2_slam_nav_ws/build/robot_bringup/build install --record /home/ubuntu/ros2_slam_nav_ws/build/robot_bringup/install.log --single-version-externally-managed
[1.593s] running egg_info
[1.594s] creating ../../build/robot_bringup/robot_bringup.egg-info
[1.594s] writing ../../build/robot_bringup/robot_bringup.egg-info/PKG-INFO
[1.594s] writing dependency_links to ../../build/robot_bringup/robot_bringup.egg-info/dependency_links.txt
[1.594s] writing entry points to ../../build/robot_bringup/robot_bringup.egg-info/entry_points.txt
[1.594s] writing requirements to ../../build/robot_bringup/robot_bringup.egg-info/requires.txt
[1.594s] writing top-level names to ../../build/robot_bringup/robot_bringup.egg-info/top_level.txt
[1.595s] writing manifest file '../../build/robot_bringup/robot_bringup.egg-info/SOURCES.txt'
[1.597s] reading manifest file '../../build/robot_bringup/robot_bringup.egg-info/SOURCES.txt'
[1.598s] writing manifest file '../../build/robot_bringup/robot_bringup.egg-info/SOURCES.txt'
[1.598s] running build
[1.598s] running build_py
[1.599s] creating /home/ubuntu/ros2_slam_nav_ws/build/robot_bringup/build
[1.599s] creating /home/ubuntu/ros2_slam_nav_ws/build/robot_bringup/build/lib
[1.599s] creating /home/ubuntu/ros2_slam_nav_ws/build/robot_bringup/build/lib/robot_bringup
[1.600s] copying robot_bringup/teleop_keyboard.py -> /home/ubuntu/ros2_slam_nav_ws/build/robot_bringup/build/lib/robot_bringup
[1.600s] copying robot_bringup/__init__.py -> /home/ubuntu/ros2_slam_nav_ws/build/robot_bringup/build/lib/robot_bringup
[1.600s] running install
[1.601s] /usr/lib/python3/dist-packages/setuptools/command/install.py:34: SetuptoolsDeprecationWarning: setup.py install is deprecated. Use build and pip and other standards-based tools.
[1.601s]   warnings.warn(
[1.601s] running install_lib
[1.601s] creating /home/ubuntu/ros2_slam_nav_ws/install/robot_bringup/lib/python3.10/site-packages/robot_bringup
[1.602s] copying /home/ubuntu/ros2_slam_nav_ws/build/robot_bringup/build/lib/robot_bringup/teleop_keyboard.py -> /home/ubuntu/ros2_slam_nav_ws/install/robot_bringup/lib/python3.10/site-packages/robot_bringup
[1.602s] copying /home/ubuntu/ros2_slam_nav_ws/build/robot_bringup/build/lib/robot_bringup/__init__.py -> /home/ubuntu/ros2_slam_nav_ws/install/robot_bringup/lib/python3.10/site-packages/robot_bringup
[1.602s] byte-compiling /home/ubuntu/ros2_slam_nav_ws/install/robot_bringup/lib/python3.10/site-packages/robot_bringup/teleop_keyboard.py to teleop_keyboard.cpython-310.pyc
[1.602s] byte-compiling /home/ubuntu/ros2_slam_nav_ws/install/robot_bringup/lib/python3.10/site-packages/robot_bringup/__init__.py to __init__.cpython-310.pyc
[1.603s] running install_data
[1.603s] creating /home/ubuntu/ros2_slam_nav_ws/install/robot_bringup/share/ament_index
[1.604s] creating /home/ubuntu/ros2_slam_nav_ws/install/robot_bringup/share/ament_index/resource_index
[1.604s] creating /home/ubuntu/ros2_slam_nav_ws/install/robot_bringup/share/ament_index/resource_index/packages
[1.604s] copying resource/robot_bringup -> /home/ubuntu/ros2_slam_nav_ws/install/robot_bringup/share/ament_index/resource_index/packages
[1.604s] copying package.xml -> /home/ubuntu/ros2_slam_nav_ws/install/robot_bringup/share/robot_bringup
[1.604s] creating /home/ubuntu/ros2_slam_nav_ws/install/robot_bringup/share/robot_bringup/launch
[1.604s] copying launch/bringup.launch.py -> /home/ubuntu/ros2_slam_nav_ws/install/robot_bringup/share/robot_bringup/launch
[1.604s] running install_egg_info
[1.605s] Copying ../../build/robot_bringup/robot_bringup.egg-info to /home/ubuntu/ros2_slam_nav_ws/install/robot_bringup/lib/python3.10/site-packages/robot_bringup-0.0.0-py3.10.egg-info
[1.607s] running install_scripts
[1.626s] Installing teleop_keyboard script to /home/ubuntu/ros2_slam_nav_ws/install/robot_bringup/lib/robot_bringup
[1.626s] writing list of installed files to '/home/ubuntu/ros2_slam_nav_ws/build/robot_bringup/install.log'
[1.658s] Invoked command in '/home/ubuntu/ros2_slam_nav_ws/src/robot_bringup' returned '0': PYTHONPATH=/home/ubuntu/ros2_slam_nav_ws/build/robot_bringup/prefix_override:/home/ubuntu/ros2_slam_nav_ws/install/robot_bringup/lib/python3.10/site-packages:${PYTHONPATH} /usr/bin/python3 setup.py egg_info --egg-base ../../build/robot_bringup build --build-base /home/ubuntu/ros2_slam_nav_ws/build/robot_bringup/build install --record /home/ubuntu/ros2_slam_nav_ws/build/robot_bringup/install.log --single-version-externally-managed
