[0.294s] DEBUG:colcon:Command line arguments: ['/usr/bin/colcon', 'build']
[0.294s] DEBUG:colcon:Parsed command line arguments: Namespace(log_base=None, log_level=None, verb_name='build', build_base='build', install_base='install', merge_install=False, symlink_install=False, test_result_base=None, continue_on_error=False, executor='parallel', parallel_workers=12, event_handlers=None, ignore_user_meta=False, metas=['./colcon.meta'], base_paths=['.'], packages_ignore=None, packages_ignore_regex=None, paths=None, packages_up_to=None, packages_up_to_regex=None, packages_above=None, packages_above_and_dependencies=None, packages_above_depth=None, packages_select_by_dep=None, packages_skip_by_dep=None, packages_skip_up_to=None, packages_select_build_failed=False, packages_skip_build_finished=False, packages_select_test_failures=False, packages_skip_test_passed=False, packages_select=None, packages_skip=None, packages_select_regex=None, packages_skip_regex=None, packages_start=None, packages_end=None, allow_overriding=[], cmake_args=None, cmake_target=None, cmake_target_skip_unavailable=False, cmake_clean_cache=False, cmake_clean_first=False, cmake_force_configure=False, ament_cmake_args=None, catkin_cmake_args=None, catkin_skip_building_tests=False, verb_parser=<colcon_defaults.argument_parser.defaults.DefaultArgumentsDecorator object at 0x7e6cb8a0e110>, verb_extension=<colcon_core.verb.build.BuildVerb object at 0x7e6cb9182d10>, main=<bound method BuildVerb.main of <colcon_core.verb.build.BuildVerb object at 0x7e6cb9182d10>>)
[0.338s] Level 1:colcon.colcon_core.package_discovery:discover_packages(colcon_meta) check parameters
[0.338s] Level 1:colcon.colcon_core.package_discovery:discover_packages(recursive) check parameters
[0.338s] Level 1:colcon.colcon_core.package_discovery:discover_packages(ignore) check parameters
[0.338s] Level 1:colcon.colcon_core.package_discovery:discover_packages(path) check parameters
[0.338s] Level 1:colcon.colcon_core.package_discovery:discover_packages(colcon_meta) discover
[0.338s] Level 1:colcon.colcon_core.package_discovery:discover_packages(recursive) discover
[0.338s] INFO:colcon.colcon_core.package_discovery:Crawling recursively for packages in '/home/ubuntu/ros2_slam_nav_ws'
[0.338s] Level 1:colcon.colcon_core.package_identification:_identify(.) by extensions ['ignore', 'ignore_ament_install']
[0.338s] Level 1:colcon.colcon_core.package_identification:_identify(.) by extension 'ignore'
[0.338s] Level 1:colcon.colcon_core.package_identification:_identify(.) by extension 'ignore_ament_install'
[0.338s] Level 1:colcon.colcon_core.package_identification:_identify(.) by extensions ['colcon_pkg']
[0.338s] Level 1:colcon.colcon_core.package_identification:_identify(.) by extension 'colcon_pkg'
[0.338s] Level 1:colcon.colcon_core.package_identification:_identify(.) by extensions ['colcon_meta']
[0.338s] Level 1:colcon.colcon_core.package_identification:_identify(.) by extension 'colcon_meta'
[0.338s] Level 1:colcon.colcon_core.package_identification:_identify(.) by extensions ['ros']
[0.338s] Level 1:colcon.colcon_core.package_identification:_identify(.) by extension 'ros'
[0.363s] Level 1:colcon.colcon_core.package_identification:_identify(.) by extensions ['cmake', 'python']
[0.363s] Level 1:colcon.colcon_core.package_identification:_identify(.) by extension 'cmake'
[0.363s] Level 1:colcon.colcon_core.package_identification:_identify(.) by extension 'python'
[0.363s] Level 1:colcon.colcon_core.package_identification:_identify(.) by extensions ['python_setup_py']
[0.364s] Level 1:colcon.colcon_core.package_identification:_identify(.) by extension 'python_setup_py'
[0.364s] Level 1:colcon.colcon_core.package_identification:_identify(build) by extensions ['ignore', 'ignore_ament_install']
[0.364s] Level 1:colcon.colcon_core.package_identification:_identify(build) by extension 'ignore'
[0.364s] Level 1:colcon.colcon_core.package_identification:_identify(build) ignored
[0.364s] Level 1:colcon.colcon_core.package_identification:_identify(install) by extensions ['ignore', 'ignore_ament_install']
[0.364s] Level 1:colcon.colcon_core.package_identification:_identify(install) by extension 'ignore'
[0.365s] Level 1:colcon.colcon_core.package_identification:_identify(install) ignored
[0.365s] Level 1:colcon.colcon_core.package_identification:_identify(log) by extensions ['ignore', 'ignore_ament_install']
[0.365s] Level 1:colcon.colcon_core.package_identification:_identify(log) by extension 'ignore'
[0.365s] Level 1:colcon.colcon_core.package_identification:_identify(log) ignored
[0.365s] Level 1:colcon.colcon_core.package_identification:_identify(src) by extensions ['ignore', 'ignore_ament_install']
[0.365s] Level 1:colcon.colcon_core.package_identification:_identify(src) by extension 'ignore'
[0.365s] Level 1:colcon.colcon_core.package_identification:_identify(src) by extension 'ignore_ament_install'
[0.365s] Level 1:colcon.colcon_core.package_identification:_identify(src) by extensions ['colcon_pkg']
[0.365s] Level 1:colcon.colcon_core.package_identification:_identify(src) by extension 'colcon_pkg'
[0.365s] Level 1:colcon.colcon_core.package_identification:_identify(src) by extensions ['colcon_meta']
[0.365s] Level 1:colcon.colcon_core.package_identification:_identify(src) by extension 'colcon_meta'
[0.366s] Level 1:colcon.colcon_core.package_identification:_identify(src) by extensions ['ros']
[0.366s] Level 1:colcon.colcon_core.package_identification:_identify(src) by extension 'ros'
[0.366s] Level 1:colcon.colcon_core.package_identification:_identify(src) by extensions ['cmake', 'python']
[0.366s] Level 1:colcon.colcon_core.package_identification:_identify(src) by extension 'cmake'
[0.366s] Level 1:colcon.colcon_core.package_identification:_identify(src) by extension 'python'
[0.366s] Level 1:colcon.colcon_core.package_identification:_identify(src) by extensions ['python_setup_py']
[0.366s] Level 1:colcon.colcon_core.package_identification:_identify(src) by extension 'python_setup_py'
[0.366s] Level 1:colcon.colcon_core.package_identification:_identify(src/robot_bringup) by extensions ['ignore', 'ignore_ament_install']
[0.366s] Level 1:colcon.colcon_core.package_identification:_identify(src/robot_bringup) by extension 'ignore'
[0.366s] Level 1:colcon.colcon_core.package_identification:_identify(src/robot_bringup) by extension 'ignore_ament_install'
[0.366s] Level 1:colcon.colcon_core.package_identification:_identify(src/robot_bringup) by extensions ['colcon_pkg']
[0.366s] Level 1:colcon.colcon_core.package_identification:_identify(src/robot_bringup) by extension 'colcon_pkg'
[0.366s] Level 1:colcon.colcon_core.package_identification:_identify(src/robot_bringup) by extensions ['colcon_meta']
[0.366s] Level 1:colcon.colcon_core.package_identification:_identify(src/robot_bringup) by extension 'colcon_meta'
[0.366s] Level 1:colcon.colcon_core.package_identification:_identify(src/robot_bringup) by extensions ['ros']
[0.366s] Level 1:colcon.colcon_core.package_identification:_identify(src/robot_bringup) by extension 'ros'
[0.369s] DEBUG:colcon.colcon_core.package_identification:Package 'src/robot_bringup' with type 'ros.ament_python' and name 'robot_bringup'
[0.369s] Level 1:colcon.colcon_core.package_identification:_identify(src/robot_description) by extensions ['ignore', 'ignore_ament_install']
[0.369s] Level 1:colcon.colcon_core.package_identification:_identify(src/robot_description) by extension 'ignore'
[0.369s] Level 1:colcon.colcon_core.package_identification:_identify(src/robot_description) by extension 'ignore_ament_install'
[0.369s] Level 1:colcon.colcon_core.package_identification:_identify(src/robot_description) by extensions ['colcon_pkg']
[0.370s] Level 1:colcon.colcon_core.package_identification:_identify(src/robot_description) by extension 'colcon_pkg'
[0.370s] Level 1:colcon.colcon_core.package_identification:_identify(src/robot_description) by extensions ['colcon_meta']
[0.370s] Level 1:colcon.colcon_core.package_identification:_identify(src/robot_description) by extension 'colcon_meta'
[0.370s] Level 1:colcon.colcon_core.package_identification:_identify(src/robot_description) by extensions ['ros']
[0.370s] Level 1:colcon.colcon_core.package_identification:_identify(src/robot_description) by extension 'ros'
[0.370s] DEBUG:colcon.colcon_core.package_identification:Package 'src/robot_description' with type 'ros.ament_python' and name 'robot_description'
[0.370s] Level 1:colcon.colcon_core.package_identification:_identify(src/robot_gazebo) by extensions ['ignore', 'ignore_ament_install']
[0.370s] Level 1:colcon.colcon_core.package_identification:_identify(src/robot_gazebo) by extension 'ignore'
[0.370s] Level 1:colcon.colcon_core.package_identification:_identify(src/robot_gazebo) by extension 'ignore_ament_install'
[0.370s] Level 1:colcon.colcon_core.package_identification:_identify(src/robot_gazebo) by extensions ['colcon_pkg']
[0.370s] Level 1:colcon.colcon_core.package_identification:_identify(src/robot_gazebo) by extension 'colcon_pkg'
[0.370s] Level 1:colcon.colcon_core.package_identification:_identify(src/robot_gazebo) by extensions ['colcon_meta']
[0.370s] Level 1:colcon.colcon_core.package_identification:_identify(src/robot_gazebo) by extension 'colcon_meta'
[0.370s] Level 1:colcon.colcon_core.package_identification:_identify(src/robot_gazebo) by extensions ['ros']
[0.370s] Level 1:colcon.colcon_core.package_identification:_identify(src/robot_gazebo) by extension 'ros'
[0.371s] DEBUG:colcon.colcon_core.package_identification:Package 'src/robot_gazebo' with type 'ros.ament_python' and name 'robot_gazebo'
[0.371s] Level 1:colcon.colcon_core.package_identification:_identify(src/robot_nav2) by extensions ['ignore', 'ignore_ament_install']
[0.371s] Level 1:colcon.colcon_core.package_identification:_identify(src/robot_nav2) by extension 'ignore'
[0.371s] Level 1:colcon.colcon_core.package_identification:_identify(src/robot_nav2) by extension 'ignore_ament_install'
[0.371s] Level 1:colcon.colcon_core.package_identification:_identify(src/robot_nav2) by extensions ['colcon_pkg']
[0.371s] Level 1:colcon.colcon_core.package_identification:_identify(src/robot_nav2) by extension 'colcon_pkg'
[0.371s] Level 1:colcon.colcon_core.package_identification:_identify(src/robot_nav2) by extensions ['colcon_meta']
[0.371s] Level 1:colcon.colcon_core.package_identification:_identify(src/robot_nav2) by extension 'colcon_meta'
[0.371s] Level 1:colcon.colcon_core.package_identification:_identify(src/robot_nav2) by extensions ['ros']
[0.371s] Level 1:colcon.colcon_core.package_identification:_identify(src/robot_nav2) by extension 'ros'
[0.371s] DEBUG:colcon.colcon_core.package_identification:Package 'src/robot_nav2' with type 'ros.ament_python' and name 'robot_nav2'
[0.372s] Level 1:colcon.colcon_core.package_identification:_identify(src/robot_slam) by extensions ['ignore', 'ignore_ament_install']
[0.372s] Level 1:colcon.colcon_core.package_identification:_identify(src/robot_slam) by extension 'ignore'
[0.372s] Level 1:colcon.colcon_core.package_identification:_identify(src/robot_slam) by extension 'ignore_ament_install'
[0.372s] Level 1:colcon.colcon_core.package_identification:_identify(src/robot_slam) by extensions ['colcon_pkg']
[0.372s] Level 1:colcon.colcon_core.package_identification:_identify(src/robot_slam) by extension 'colcon_pkg'
[0.372s] Level 1:colcon.colcon_core.package_identification:_identify(src/robot_slam) by extensions ['colcon_meta']
[0.372s] Level 1:colcon.colcon_core.package_identification:_identify(src/robot_slam) by extension 'colcon_meta'
[0.372s] Level 1:colcon.colcon_core.package_identification:_identify(src/robot_slam) by extensions ['ros']
[0.372s] Level 1:colcon.colcon_core.package_identification:_identify(src/robot_slam) by extension 'ros'
[0.372s] DEBUG:colcon.colcon_core.package_identification:Package 'src/robot_slam' with type 'ros.ament_python' and name 'robot_slam'
[0.372s] Level 1:colcon.colcon_core.package_discovery:discover_packages(recursive) using defaults
[0.372s] Level 1:colcon.colcon_core.package_discovery:discover_packages(ignore) discover
[0.372s] Level 1:colcon.colcon_core.package_discovery:discover_packages(ignore) using defaults
[0.372s] Level 1:colcon.colcon_core.package_discovery:discover_packages(path) discover
[0.372s] Level 1:colcon.colcon_core.package_discovery:discover_packages(path) using defaults
[0.411s] Level 1:colcon.colcon_core.package_discovery:discover_packages(prefix_path) check parameters
[0.411s] Level 1:colcon.colcon_core.package_discovery:discover_packages(prefix_path) discover
[0.413s] DEBUG:colcon.colcon_installed_package_information.package_discovery:Found 348 installed packages in /opt/ros/humble
[0.416s] Level 1:colcon.colcon_core.package_discovery:discover_packages(prefix_path) using defaults
[0.480s] Level 5:colcon.colcon_core.verb:set package 'robot_bringup' build argument 'cmake_args' from command line to 'None'
[0.481s] Level 5:colcon.colcon_core.verb:set package 'robot_bringup' build argument 'cmake_target' from command line to 'None'
[0.481s] Level 5:colcon.colcon_core.verb:set package 'robot_bringup' build argument 'cmake_target_skip_unavailable' from command line to 'False'
[0.481s] Level 5:colcon.colcon_core.verb:set package 'robot_bringup' build argument 'cmake_clean_cache' from command line to 'False'
[0.481s] Level 5:colcon.colcon_core.verb:set package 'robot_bringup' build argument 'cmake_clean_first' from command line to 'False'
[0.481s] Level 5:colcon.colcon_core.verb:set package 'robot_bringup' build argument 'cmake_force_configure' from command line to 'False'
[0.481s] Level 5:colcon.colcon_core.verb:set package 'robot_bringup' build argument 'ament_cmake_args' from command line to 'None'
[0.481s] Level 5:colcon.colcon_core.verb:set package 'robot_bringup' build argument 'catkin_cmake_args' from command line to 'None'
[0.481s] Level 5:colcon.colcon_core.verb:set package 'robot_bringup' build argument 'catkin_skip_building_tests' from command line to 'False'
[0.481s] DEBUG:colcon.colcon_core.verb:Building package 'robot_bringup' with the following arguments: {'ament_cmake_args': None, 'build_base': '/home/ubuntu/ros2_slam_nav_ws/build/robot_bringup', 'catkin_cmake_args': None, 'catkin_skip_building_tests': False, 'cmake_args': None, 'cmake_clean_cache': False, 'cmake_clean_first': False, 'cmake_force_configure': False, 'cmake_target': None, 'cmake_target_skip_unavailable': False, 'install_base': '/home/ubuntu/ros2_slam_nav_ws/install/robot_bringup', 'merge_install': False, 'path': '/home/ubuntu/ros2_slam_nav_ws/src/robot_bringup', 'symlink_install': False, 'test_result_base': None}
[0.481s] Level 5:colcon.colcon_core.verb:set package 'robot_description' build argument 'cmake_args' from command line to 'None'
[0.481s] Level 5:colcon.colcon_core.verb:set package 'robot_description' build argument 'cmake_target' from command line to 'None'
[0.481s] Level 5:colcon.colcon_core.verb:set package 'robot_description' build argument 'cmake_target_skip_unavailable' from command line to 'False'
[0.481s] Level 5:colcon.colcon_core.verb:set package 'robot_description' build argument 'cmake_clean_cache' from command line to 'False'
[0.481s] Level 5:colcon.colcon_core.verb:set package 'robot_description' build argument 'cmake_clean_first' from command line to 'False'
[0.481s] Level 5:colcon.colcon_core.verb:set package 'robot_description' build argument 'cmake_force_configure' from command line to 'False'
[0.481s] Level 5:colcon.colcon_core.verb:set package 'robot_description' build argument 'ament_cmake_args' from command line to 'None'
[0.481s] Level 5:colcon.colcon_core.verb:set package 'robot_description' build argument 'catkin_cmake_args' from command line to 'None'
[0.481s] Level 5:colcon.colcon_core.verb:set package 'robot_description' build argument 'catkin_skip_building_tests' from command line to 'False'
[0.481s] DEBUG:colcon.colcon_core.verb:Building package 'robot_description' with the following arguments: {'ament_cmake_args': None, 'build_base': '/home/ubuntu/ros2_slam_nav_ws/build/robot_description', 'catkin_cmake_args': None, 'catkin_skip_building_tests': False, 'cmake_args': None, 'cmake_clean_cache': False, 'cmake_clean_first': False, 'cmake_force_configure': False, 'cmake_target': None, 'cmake_target_skip_unavailable': False, 'install_base': '/home/ubuntu/ros2_slam_nav_ws/install/robot_description', 'merge_install': False, 'path': '/home/ubuntu/ros2_slam_nav_ws/src/robot_description', 'symlink_install': False, 'test_result_base': None}
[0.482s] Level 5:colcon.colcon_core.verb:set package 'robot_gazebo' build argument 'cmake_args' from command line to 'None'
[0.482s] Level 5:colcon.colcon_core.verb:set package 'robot_gazebo' build argument 'cmake_target' from command line to 'None'
[0.482s] Level 5:colcon.colcon_core.verb:set package 'robot_gazebo' build argument 'cmake_target_skip_unavailable' from command line to 'False'
[0.482s] Level 5:colcon.colcon_core.verb:set package 'robot_gazebo' build argument 'cmake_clean_cache' from command line to 'False'
[0.482s] Level 5:colcon.colcon_core.verb:set package 'robot_gazebo' build argument 'cmake_clean_first' from command line to 'False'
[0.482s] Level 5:colcon.colcon_core.verb:set package 'robot_gazebo' build argument 'cmake_force_configure' from command line to 'False'
[0.482s] Level 5:colcon.colcon_core.verb:set package 'robot_gazebo' build argument 'ament_cmake_args' from command line to 'None'
[0.482s] Level 5:colcon.colcon_core.verb:set package 'robot_gazebo' build argument 'catkin_cmake_args' from command line to 'None'
[0.482s] Level 5:colcon.colcon_core.verb:set package 'robot_gazebo' build argument 'catkin_skip_building_tests' from command line to 'False'
[0.482s] DEBUG:colcon.colcon_core.verb:Building package 'robot_gazebo' with the following arguments: {'ament_cmake_args': None, 'build_base': '/home/ubuntu/ros2_slam_nav_ws/build/robot_gazebo', 'catkin_cmake_args': None, 'catkin_skip_building_tests': False, 'cmake_args': None, 'cmake_clean_cache': False, 'cmake_clean_first': False, 'cmake_force_configure': False, 'cmake_target': None, 'cmake_target_skip_unavailable': False, 'install_base': '/home/ubuntu/ros2_slam_nav_ws/install/robot_gazebo', 'merge_install': False, 'path': '/home/ubuntu/ros2_slam_nav_ws/src/robot_gazebo', 'symlink_install': False, 'test_result_base': None}
[0.483s] Level 5:colcon.colcon_core.verb:set package 'robot_nav2' build argument 'cmake_args' from command line to 'None'
[0.483s] Level 5:colcon.colcon_core.verb:set package 'robot_nav2' build argument 'cmake_target' from command line to 'None'
[0.483s] Level 5:colcon.colcon_core.verb:set package 'robot_nav2' build argument 'cmake_target_skip_unavailable' from command line to 'False'
[0.483s] Level 5:colcon.colcon_core.verb:set package 'robot_nav2' build argument 'cmake_clean_cache' from command line to 'False'
[0.483s] Level 5:colcon.colcon_core.verb:set package 'robot_nav2' build argument 'cmake_clean_first' from command line to 'False'
[0.483s] Level 5:colcon.colcon_core.verb:set package 'robot_nav2' build argument 'cmake_force_configure' from command line to 'False'
[0.483s] Level 5:colcon.colcon_core.verb:set package 'robot_nav2' build argument 'ament_cmake_args' from command line to 'None'
[0.483s] Level 5:colcon.colcon_core.verb:set package 'robot_nav2' build argument 'catkin_cmake_args' from command line to 'None'
[0.483s] Level 5:colcon.colcon_core.verb:set package 'robot_nav2' build argument 'catkin_skip_building_tests' from command line to 'False'
[0.483s] DEBUG:colcon.colcon_core.verb:Building package 'robot_nav2' with the following arguments: {'ament_cmake_args': None, 'build_base': '/home/ubuntu/ros2_slam_nav_ws/build/robot_nav2', 'catkin_cmake_args': None, 'catkin_skip_building_tests': False, 'cmake_args': None, 'cmake_clean_cache': False, 'cmake_clean_first': False, 'cmake_force_configure': False, 'cmake_target': None, 'cmake_target_skip_unavailable': False, 'install_base': '/home/ubuntu/ros2_slam_nav_ws/install/robot_nav2', 'merge_install': False, 'path': '/home/ubuntu/ros2_slam_nav_ws/src/robot_nav2', 'symlink_install': False, 'test_result_base': None}
[0.483s] Level 5:colcon.colcon_core.verb:set package 'robot_slam' build argument 'cmake_args' from command line to 'None'
[0.483s] Level 5:colcon.colcon_core.verb:set package 'robot_slam' build argument 'cmake_target' from command line to 'None'
[0.483s] Level 5:colcon.colcon_core.verb:set package 'robot_slam' build argument 'cmake_target_skip_unavailable' from command line to 'False'
[0.483s] Level 5:colcon.colcon_core.verb:set package 'robot_slam' build argument 'cmake_clean_cache' from command line to 'False'
[0.483s] Level 5:colcon.colcon_core.verb:set package 'robot_slam' build argument 'cmake_clean_first' from command line to 'False'
[0.483s] Level 5:colcon.colcon_core.verb:set package 'robot_slam' build argument 'cmake_force_configure' from command line to 'False'
[0.483s] Level 5:colcon.colcon_core.verb:set package 'robot_slam' build argument 'ament_cmake_args' from command line to 'None'
[0.483s] Level 5:colcon.colcon_core.verb:set package 'robot_slam' build argument 'catkin_cmake_args' from command line to 'None'
[0.483s] Level 5:colcon.colcon_core.verb:set package 'robot_slam' build argument 'catkin_skip_building_tests' from command line to 'False'
[0.483s] DEBUG:colcon.colcon_core.verb:Building package 'robot_slam' with the following arguments: {'ament_cmake_args': None, 'build_base': '/home/ubuntu/ros2_slam_nav_ws/build/robot_slam', 'catkin_cmake_args': None, 'catkin_skip_building_tests': False, 'cmake_args': None, 'cmake_clean_cache': False, 'cmake_clean_first': False, 'cmake_force_configure': False, 'cmake_target': None, 'cmake_target_skip_unavailable': False, 'install_base': '/home/ubuntu/ros2_slam_nav_ws/install/robot_slam', 'merge_install': False, 'path': '/home/ubuntu/ros2_slam_nav_ws/src/robot_slam', 'symlink_install': False, 'test_result_base': None}
[0.484s] INFO:colcon.colcon_core.executor:Executing jobs using 'parallel' executor
[0.486s] DEBUG:colcon.colcon_parallel_executor.executor.parallel:run_until_complete
[0.487s] INFO:colcon.colcon_ros.task.ament_python.build:Building ROS package in '/home/ubuntu/ros2_slam_nav_ws/src/robot_bringup' with build type 'ament_python'
[0.487s] Level 1:colcon.colcon_core.shell:create_environment_hook('robot_bringup', 'ament_prefix_path')
[0.490s] INFO:colcon.colcon_core.plugin_system:Skipping extension 'colcon_core.shell.bat': Not used on non-Windows systems
[0.490s] INFO:colcon.colcon_core.shell:Creating environment hook '/home/ubuntu/ros2_slam_nav_ws/install/robot_bringup/share/robot_bringup/hook/ament_prefix_path.ps1'
[0.492s] INFO:colcon.colcon_core.shell:Creating environment descriptor '/home/ubuntu/ros2_slam_nav_ws/install/robot_bringup/share/robot_bringup/hook/ament_prefix_path.dsv'
[0.492s] INFO:colcon.colcon_core.shell:Creating environment hook '/home/ubuntu/ros2_slam_nav_ws/install/robot_bringup/share/robot_bringup/hook/ament_prefix_path.sh'
[0.494s] INFO:colcon.colcon_core.shell:Skip shell extension 'powershell' for command environment: Not usable outside of PowerShell
[0.494s] DEBUG:colcon.colcon_core.shell:Skip shell extension 'dsv' for command environment
[0.497s] INFO:colcon.colcon_ros.task.ament_python.build:Building ROS package in '/home/ubuntu/ros2_slam_nav_ws/src/robot_description' with build type 'ament_python'
[0.497s] Level 1:colcon.colcon_core.shell:create_environment_hook('robot_description', 'ament_prefix_path')
[0.499s] INFO:colcon.colcon_core.shell:Creating environment hook '/home/ubuntu/ros2_slam_nav_ws/install/robot_description/share/robot_description/hook/ament_prefix_path.ps1'
[0.502s] INFO:colcon.colcon_core.shell:Creating environment descriptor '/home/ubuntu/ros2_slam_nav_ws/install/robot_description/share/robot_description/hook/ament_prefix_path.dsv'
[0.502s] INFO:colcon.colcon_core.shell:Creating environment hook '/home/ubuntu/ros2_slam_nav_ws/install/robot_description/share/robot_description/hook/ament_prefix_path.sh'
[0.503s] INFO:colcon.colcon_core.shell:Skip shell extension 'powershell' for command environment: Not usable outside of PowerShell
[0.503s] DEBUG:colcon.colcon_core.shell:Skip shell extension 'dsv' for command environment
[0.507s] INFO:colcon.colcon_ros.task.ament_python.build:Building ROS package in '/home/ubuntu/ros2_slam_nav_ws/src/robot_gazebo' with build type 'ament_python'
[0.507s] Level 1:colcon.colcon_core.shell:create_environment_hook('robot_gazebo', 'ament_prefix_path')
[0.508s] INFO:colcon.colcon_core.shell:Creating environment hook '/home/ubuntu/ros2_slam_nav_ws/install/robot_gazebo/share/robot_gazebo/hook/ament_prefix_path.ps1'
[0.510s] INFO:colcon.colcon_core.shell:Creating environment descriptor '/home/ubuntu/ros2_slam_nav_ws/install/robot_gazebo/share/robot_gazebo/hook/ament_prefix_path.dsv'
[0.510s] INFO:colcon.colcon_core.shell:Creating environment hook '/home/ubuntu/ros2_slam_nav_ws/install/robot_gazebo/share/robot_gazebo/hook/ament_prefix_path.sh'
[0.511s] INFO:colcon.colcon_core.shell:Skip shell extension 'powershell' for command environment: Not usable outside of PowerShell
[0.511s] DEBUG:colcon.colcon_core.shell:Skip shell extension 'dsv' for command environment
[0.515s] INFO:colcon.colcon_ros.task.ament_python.build:Building ROS package in '/home/ubuntu/ros2_slam_nav_ws/src/robot_nav2' with build type 'ament_python'
[0.515s] Level 1:colcon.colcon_core.shell:create_environment_hook('robot_nav2', 'ament_prefix_path')
[0.516s] INFO:colcon.colcon_core.shell:Creating environment hook '/home/ubuntu/ros2_slam_nav_ws/install/robot_nav2/share/robot_nav2/hook/ament_prefix_path.ps1'
[0.518s] INFO:colcon.colcon_core.shell:Creating environment descriptor '/home/ubuntu/ros2_slam_nav_ws/install/robot_nav2/share/robot_nav2/hook/ament_prefix_path.dsv'
[0.518s] INFO:colcon.colcon_core.shell:Creating environment hook '/home/ubuntu/ros2_slam_nav_ws/install/robot_nav2/share/robot_nav2/hook/ament_prefix_path.sh'
[0.519s] INFO:colcon.colcon_core.shell:Skip shell extension 'powershell' for command environment: Not usable outside of PowerShell
[0.519s] DEBUG:colcon.colcon_core.shell:Skip shell extension 'dsv' for command environment
[0.522s] INFO:colcon.colcon_ros.task.ament_python.build:Building ROS package in '/home/ubuntu/ros2_slam_nav_ws/src/robot_slam' with build type 'ament_python'
[0.523s] Level 1:colcon.colcon_core.shell:create_environment_hook('robot_slam', 'ament_prefix_path')
[0.524s] INFO:colcon.colcon_core.shell:Creating environment hook '/home/ubuntu/ros2_slam_nav_ws/install/robot_slam/share/robot_slam/hook/ament_prefix_path.ps1'
[0.526s] INFO:colcon.colcon_core.shell:Creating environment descriptor '/home/ubuntu/ros2_slam_nav_ws/install/robot_slam/share/robot_slam/hook/ament_prefix_path.dsv'
[0.527s] INFO:colcon.colcon_core.shell:Creating environment hook '/home/ubuntu/ros2_slam_nav_ws/install/robot_slam/share/robot_slam/hook/ament_prefix_path.sh'
[0.528s] INFO:colcon.colcon_core.shell:Skip shell extension 'powershell' for command environment: Not usable outside of PowerShell
[0.528s] DEBUG:colcon.colcon_core.shell:Skip shell extension 'dsv' for command environment
[0.808s] INFO:colcon.colcon_core.task.python.build:Building Python package in '/home/ubuntu/ros2_slam_nav_ws/src/robot_bringup'
[0.809s] INFO:colcon.colcon_core.shell:Skip shell extension 'powershell' for command environment: Not usable outside of PowerShell
[0.810s] DEBUG:colcon.colcon_core.shell:Skip shell extension 'dsv' for command environment
[0.985s] INFO:colcon.colcon_core.task.python.build:Building Python package in '/home/ubuntu/ros2_slam_nav_ws/src/robot_description'
[0.986s] INFO:colcon.colcon_core.shell:Skip shell extension 'powershell' for command environment: Not usable outside of PowerShell
[0.986s] DEBUG:colcon.colcon_core.shell:Skip shell extension 'dsv' for command environment
[1.169s] INFO:colcon.colcon_core.task.python.build:Building Python package in '/home/ubuntu/ros2_slam_nav_ws/src/robot_gazebo'
[1.170s] INFO:colcon.colcon_core.shell:Skip shell extension 'powershell' for command environment: Not usable outside of PowerShell
[1.170s] DEBUG:colcon.colcon_core.shell:Skip shell extension 'dsv' for command environment
[1.368s] INFO:colcon.colcon_core.task.python.build:Building Python package in '/home/ubuntu/ros2_slam_nav_ws/src/robot_nav2'
[1.369s] INFO:colcon.colcon_core.shell:Skip shell extension 'powershell' for command environment: Not usable outside of PowerShell
[1.369s] DEBUG:colcon.colcon_core.shell:Skip shell extension 'dsv' for command environment
[1.538s] INFO:colcon.colcon_core.task.python.build:Building Python package in '/home/ubuntu/ros2_slam_nav_ws/src/robot_slam'
[1.539s] INFO:colcon.colcon_core.shell:Skip shell extension 'powershell' for command environment: Not usable outside of PowerShell
[1.539s] DEBUG:colcon.colcon_core.shell:Skip shell extension 'dsv' for command environment
[1.891s] DEBUG:colcon.colcon_core.event_handler.log_command:Invoking command in '/home/ubuntu/ros2_slam_nav_ws/src/robot_gazebo': PYTHONPATH=/home/ubuntu/ros2_slam_nav_ws/build/robot_gazebo/prefix_override:/home/ubuntu/ros2_slam_nav_ws/install/robot_gazebo/lib/python3.10/site-packages:${PYTHONPATH} /usr/bin/python3 setup.py egg_info --egg-base ../../build/robot_gazebo build --build-base /home/ubuntu/ros2_slam_nav_ws/build/robot_gazebo/build install --record /home/ubuntu/ros2_slam_nav_ws/build/robot_gazebo/install.log --single-version-externally-managed
[1.897s] DEBUG:colcon.colcon_core.event_handler.log_command:Invoking command in '/home/ubuntu/ros2_slam_nav_ws/src/robot_bringup': PYTHONPATH=/home/ubuntu/ros2_slam_nav_ws/build/robot_bringup/prefix_override:/home/ubuntu/ros2_slam_nav_ws/install/robot_bringup/lib/python3.10/site-packages:${PYTHONPATH} /usr/bin/python3 setup.py egg_info --egg-base ../../build/robot_bringup build --build-base /home/ubuntu/ros2_slam_nav_ws/build/robot_bringup/build install --record /home/ubuntu/ros2_slam_nav_ws/build/robot_bringup/install.log --single-version-externally-managed
[1.915s] DEBUG:colcon.colcon_core.event_handler.log_command:Invoking command in '/home/ubuntu/ros2_slam_nav_ws/src/robot_slam': PYTHONPATH=/home/ubuntu/ros2_slam_nav_ws/build/robot_slam/prefix_override:/home/ubuntu/ros2_slam_nav_ws/install/robot_slam/lib/python3.10/site-packages:${PYTHONPATH} /usr/bin/python3 setup.py egg_info --egg-base ../../build/robot_slam build --build-base /home/ubuntu/ros2_slam_nav_ws/build/robot_slam/build install --record /home/ubuntu/ros2_slam_nav_ws/build/robot_slam/install.log --single-version-externally-managed
[1.917s] DEBUG:colcon.colcon_core.event_handler.log_command:Invoking command in '/home/ubuntu/ros2_slam_nav_ws/src/robot_description': PYTHONPATH=/home/ubuntu/ros2_slam_nav_ws/build/robot_description/prefix_override:/home/ubuntu/ros2_slam_nav_ws/install/robot_description/lib/python3.10/site-packages:${PYTHONPATH} /usr/bin/python3 setup.py egg_info --egg-base ../../build/robot_description build --build-base /home/ubuntu/ros2_slam_nav_ws/build/robot_description/build install --record /home/ubuntu/ros2_slam_nav_ws/build/robot_description/install.log --single-version-externally-managed
[1.933s] DEBUG:colcon.colcon_core.event_handler.log_command:Invoking command in '/home/ubuntu/ros2_slam_nav_ws/src/robot_nav2': PYTHONPATH=/home/ubuntu/ros2_slam_nav_ws/build/robot_nav2/prefix_override:/home/ubuntu/ros2_slam_nav_ws/install/robot_nav2/lib/python3.10/site-packages:${PYTHONPATH} /usr/bin/python3 setup.py egg_info --egg-base ../../build/robot_nav2 build --build-base /home/ubuntu/ros2_slam_nav_ws/build/robot_nav2/build install --record /home/ubuntu/ros2_slam_nav_ws/build/robot_nav2/install.log --single-version-externally-managed
[2.147s] DEBUG:colcon.colcon_core.event_handler.log_command:Invoked command in '/home/ubuntu/ros2_slam_nav_ws/src/robot_bringup' returned '0': PYTHONPATH=/home/ubuntu/ros2_slam_nav_ws/build/robot_bringup/prefix_override:/home/ubuntu/ros2_slam_nav_ws/install/robot_bringup/lib/python3.10/site-packages:${PYTHONPATH} /usr/bin/python3 setup.py egg_info --egg-base ../../build/robot_bringup build --build-base /home/ubuntu/ros2_slam_nav_ws/build/robot_bringup/build install --record /home/ubuntu/ros2_slam_nav_ws/build/robot_bringup/install.log --single-version-externally-managed
[2.155s] Level 1:colcon.colcon_core.environment:checking '/home/ubuntu/ros2_slam_nav_ws/install/robot_bringup' for CMake module files
[2.155s] Level 1:colcon.colcon_core.environment:checking '/home/ubuntu/ros2_slam_nav_ws/install/robot_bringup' for CMake config files
[2.156s] Level 1:colcon.colcon_core.environment:checking '/home/ubuntu/ros2_slam_nav_ws/install/robot_bringup/lib'
[2.156s] Level 1:colcon.colcon_core.environment:checking '/home/ubuntu/ros2_slam_nav_ws/install/robot_bringup/bin'
[2.156s] Level 1:colcon.colcon_core.environment:checking '/home/ubuntu/ros2_slam_nav_ws/install/robot_bringup/lib/pkgconfig/robot_bringup.pc'
[2.157s] Level 1:colcon.colcon_core.environment:checking '/home/ubuntu/ros2_slam_nav_ws/install/robot_bringup/lib/python3.10/site-packages'
[2.157s] Level 1:colcon.colcon_core.shell:create_environment_hook('robot_bringup', 'pythonpath')
[2.158s] INFO:colcon.colcon_core.shell:Creating environment hook '/home/ubuntu/ros2_slam_nav_ws/install/robot_bringup/share/robot_bringup/hook/pythonpath.ps1'
[2.159s] INFO:colcon.colcon_core.shell:Creating environment descriptor '/home/ubuntu/ros2_slam_nav_ws/install/robot_bringup/share/robot_bringup/hook/pythonpath.dsv'
[2.159s] INFO:colcon.colcon_core.shell:Creating environment hook '/home/ubuntu/ros2_slam_nav_ws/install/robot_bringup/share/robot_bringup/hook/pythonpath.sh'
[2.160s] Level 1:colcon.colcon_core.environment:checking '/home/ubuntu/ros2_slam_nav_ws/install/robot_bringup/bin'
[2.160s] Level 1:colcon.colcon_core.environment:create_environment_scripts_only(robot_bringup)
[2.161s] INFO:colcon.colcon_core.shell:Creating package script '/home/ubuntu/ros2_slam_nav_ws/install/robot_bringup/share/robot_bringup/package.ps1'
[2.162s] INFO:colcon.colcon_core.shell:Creating package descriptor '/home/ubuntu/ros2_slam_nav_ws/install/robot_bringup/share/robot_bringup/package.dsv'
[2.163s] INFO:colcon.colcon_core.shell:Creating package script '/home/ubuntu/ros2_slam_nav_ws/install/robot_bringup/share/robot_bringup/package.sh'
[2.164s] INFO:colcon.colcon_core.shell:Creating package script '/home/ubuntu/ros2_slam_nav_ws/install/robot_bringup/share/robot_bringup/package.bash'
[2.165s] INFO:colcon.colcon_core.shell:Creating package script '/home/ubuntu/ros2_slam_nav_ws/install/robot_bringup/share/robot_bringup/package.zsh'
[2.166s] Level 1:colcon.colcon_core.environment:create_file_with_runtime_dependencies(/home/ubuntu/ros2_slam_nav_ws/install/robot_bringup/share/colcon-core/packages/robot_bringup)
[2.171s] Level 1:colcon.colcon_core.environment:checking '/home/ubuntu/ros2_slam_nav_ws/install/robot_slam' for CMake module files
[2.172s] DEBUG:colcon.colcon_core.event_handler.log_command:Invoked command in '/home/ubuntu/ros2_slam_nav_ws/src/robot_slam' returned '0': PYTHONPATH=/home/ubuntu/ros2_slam_nav_ws/build/robot_slam/prefix_override:/home/ubuntu/ros2_slam_nav_ws/install/robot_slam/lib/python3.10/site-packages:${PYTHONPATH} /usr/bin/python3 setup.py egg_info --egg-base ../../build/robot_slam build --build-base /home/ubuntu/ros2_slam_nav_ws/build/robot_slam/build install --record /home/ubuntu/ros2_slam_nav_ws/build/robot_slam/install.log --single-version-externally-managed
[2.172s] Level 1:colcon.colcon_core.environment:checking '/home/ubuntu/ros2_slam_nav_ws/install/robot_slam' for CMake config files
[2.172s] Level 1:colcon.colcon_core.environment:checking '/home/ubuntu/ros2_slam_nav_ws/install/robot_slam/lib'
[2.172s] Level 1:colcon.colcon_core.environment:checking '/home/ubuntu/ros2_slam_nav_ws/install/robot_slam/bin'
[2.173s] Level 1:colcon.colcon_core.environment:checking '/home/ubuntu/ros2_slam_nav_ws/install/robot_slam/lib/pkgconfig/robot_slam.pc'
[2.173s] Level 1:colcon.colcon_core.environment:checking '/home/ubuntu/ros2_slam_nav_ws/install/robot_slam/lib/python3.10/site-packages'
[2.173s] Level 1:colcon.colcon_core.shell:create_environment_hook('robot_slam', 'pythonpath')
[2.174s] INFO:colcon.colcon_core.shell:Creating environment hook '/home/ubuntu/ros2_slam_nav_ws/install/robot_slam/share/robot_slam/hook/pythonpath.ps1'
[2.175s] INFO:colcon.colcon_core.shell:Creating environment descriptor '/home/ubuntu/ros2_slam_nav_ws/install/robot_slam/share/robot_slam/hook/pythonpath.dsv'
[2.175s] INFO:colcon.colcon_core.shell:Creating environment hook '/home/ubuntu/ros2_slam_nav_ws/install/robot_slam/share/robot_slam/hook/pythonpath.sh'
[2.176s] Level 1:colcon.colcon_core.environment:checking '/home/ubuntu/ros2_slam_nav_ws/install/robot_slam/bin'
[2.176s] Level 1:colcon.colcon_core.environment:create_environment_scripts_only(robot_slam)
[2.177s] INFO:colcon.colcon_core.shell:Creating package script '/home/ubuntu/ros2_slam_nav_ws/install/robot_slam/share/robot_slam/package.ps1'
[2.178s] INFO:colcon.colcon_core.shell:Creating package descriptor '/home/ubuntu/ros2_slam_nav_ws/install/robot_slam/share/robot_slam/package.dsv'
[2.179s] INFO:colcon.colcon_core.shell:Creating package script '/home/ubuntu/ros2_slam_nav_ws/install/robot_slam/share/robot_slam/package.sh'
[2.180s] INFO:colcon.colcon_core.shell:Creating package script '/home/ubuntu/ros2_slam_nav_ws/install/robot_slam/share/robot_slam/package.bash'
[2.180s] INFO:colcon.colcon_core.shell:Creating package script '/home/ubuntu/ros2_slam_nav_ws/install/robot_slam/share/robot_slam/package.zsh'
[2.180s] Level 1:colcon.colcon_core.environment:create_file_with_runtime_dependencies(/home/ubuntu/ros2_slam_nav_ws/install/robot_slam/share/colcon-core/packages/robot_slam)
[2.184s] Level 1:colcon.colcon_core.environment:checking '/home/ubuntu/ros2_slam_nav_ws/install/robot_gazebo' for CMake module files
[2.185s] Level 1:colcon.colcon_core.environment:checking '/home/ubuntu/ros2_slam_nav_ws/install/robot_gazebo' for CMake config files
[2.185s] DEBUG:colcon.colcon_core.event_handler.log_command:Invoked command in '/home/ubuntu/ros2_slam_nav_ws/src/robot_gazebo' returned '0': PYTHONPATH=/home/ubuntu/ros2_slam_nav_ws/build/robot_gazebo/prefix_override:/home/ubuntu/ros2_slam_nav_ws/install/robot_gazebo/lib/python3.10/site-packages:${PYTHONPATH} /usr/bin/python3 setup.py egg_info --egg-base ../../build/robot_gazebo build --build-base /home/ubuntu/ros2_slam_nav_ws/build/robot_gazebo/build install --record /home/ubuntu/ros2_slam_nav_ws/build/robot_gazebo/install.log --single-version-externally-managed
[2.185s] Level 1:colcon.colcon_core.environment:checking '/home/ubuntu/ros2_slam_nav_ws/install/robot_gazebo/lib'
[2.185s] Level 1:colcon.colcon_core.environment:checking '/home/ubuntu/ros2_slam_nav_ws/install/robot_gazebo/bin'
[2.186s] Level 1:colcon.colcon_core.environment:checking '/home/ubuntu/ros2_slam_nav_ws/install/robot_gazebo/lib/pkgconfig/robot_gazebo.pc'
[2.186s] Level 1:colcon.colcon_core.environment:checking '/home/ubuntu/ros2_slam_nav_ws/install/robot_gazebo/lib/python3.10/site-packages'
[2.186s] Level 1:colcon.colcon_core.shell:create_environment_hook('robot_gazebo', 'pythonpath')
[2.187s] INFO:colcon.colcon_core.shell:Creating environment hook '/home/ubuntu/ros2_slam_nav_ws/install/robot_gazebo/share/robot_gazebo/hook/pythonpath.ps1'
[2.187s] INFO:colcon.colcon_core.shell:Creating environment descriptor '/home/ubuntu/ros2_slam_nav_ws/install/robot_gazebo/share/robot_gazebo/hook/pythonpath.dsv'
[2.187s] INFO:colcon.colcon_core.shell:Creating environment hook '/home/ubuntu/ros2_slam_nav_ws/install/robot_gazebo/share/robot_gazebo/hook/pythonpath.sh'
[2.188s] Level 1:colcon.colcon_core.environment:checking '/home/ubuntu/ros2_slam_nav_ws/install/robot_gazebo/bin'
[2.188s] Level 1:colcon.colcon_core.environment:create_environment_scripts_only(robot_gazebo)
[2.189s] INFO:colcon.colcon_core.shell:Creating package script '/home/ubuntu/ros2_slam_nav_ws/install/robot_gazebo/share/robot_gazebo/package.ps1'
[2.189s] INFO:colcon.colcon_core.shell:Creating package descriptor '/home/ubuntu/ros2_slam_nav_ws/install/robot_gazebo/share/robot_gazebo/package.dsv'
[2.190s] INFO:colcon.colcon_core.shell:Creating package script '/home/ubuntu/ros2_slam_nav_ws/install/robot_gazebo/share/robot_gazebo/package.sh'
[2.190s] INFO:colcon.colcon_core.shell:Creating package script '/home/ubuntu/ros2_slam_nav_ws/install/robot_gazebo/share/robot_gazebo/package.bash'
[2.190s] INFO:colcon.colcon_core.shell:Creating package script '/home/ubuntu/ros2_slam_nav_ws/install/robot_gazebo/share/robot_gazebo/package.zsh'
[2.191s] Level 1:colcon.colcon_core.environment:create_file_with_runtime_dependencies(/home/ubuntu/ros2_slam_nav_ws/install/robot_gazebo/share/colcon-core/packages/robot_gazebo)
[2.194s] Level 1:colcon.colcon_core.environment:checking '/home/ubuntu/ros2_slam_nav_ws/install/robot_description' for CMake module files
[2.195s] DEBUG:colcon.colcon_core.event_handler.log_command:Invoked command in '/home/ubuntu/ros2_slam_nav_ws/src/robot_description' returned '0': PYTHONPATH=/home/ubuntu/ros2_slam_nav_ws/build/robot_description/prefix_override:/home/ubuntu/ros2_slam_nav_ws/install/robot_description/lib/python3.10/site-packages:${PYTHONPATH} /usr/bin/python3 setup.py egg_info --egg-base ../../build/robot_description build --build-base /home/ubuntu/ros2_slam_nav_ws/build/robot_description/build install --record /home/ubuntu/ros2_slam_nav_ws/build/robot_description/install.log --single-version-externally-managed
[2.195s] Level 1:colcon.colcon_core.environment:checking '/home/ubuntu/ros2_slam_nav_ws/install/robot_description' for CMake config files
[2.196s] Level 1:colcon.colcon_core.environment:checking '/home/ubuntu/ros2_slam_nav_ws/install/robot_description/lib'
[2.196s] Level 1:colcon.colcon_core.environment:checking '/home/ubuntu/ros2_slam_nav_ws/install/robot_description/bin'
[2.196s] Level 1:colcon.colcon_core.environment:checking '/home/ubuntu/ros2_slam_nav_ws/install/robot_description/lib/pkgconfig/robot_description.pc'
[2.196s] Level 1:colcon.colcon_core.environment:checking '/home/ubuntu/ros2_slam_nav_ws/install/robot_description/lib/python3.10/site-packages'
[2.196s] Level 1:colcon.colcon_core.shell:create_environment_hook('robot_description', 'pythonpath')
[2.197s] INFO:colcon.colcon_core.shell:Creating environment hook '/home/ubuntu/ros2_slam_nav_ws/install/robot_description/share/robot_description/hook/pythonpath.ps1'
[2.198s] INFO:colcon.colcon_core.shell:Creating environment descriptor '/home/ubuntu/ros2_slam_nav_ws/install/robot_description/share/robot_description/hook/pythonpath.dsv'
[2.198s] INFO:colcon.colcon_core.shell:Creating environment hook '/home/ubuntu/ros2_slam_nav_ws/install/robot_description/share/robot_description/hook/pythonpath.sh'
[2.199s] Level 1:colcon.colcon_core.environment:checking '/home/ubuntu/ros2_slam_nav_ws/install/robot_description/bin'
[2.199s] Level 1:colcon.colcon_core.environment:create_environment_scripts_only(robot_description)
[2.200s] INFO:colcon.colcon_core.shell:Creating package script '/home/ubuntu/ros2_slam_nav_ws/install/robot_description/share/robot_description/package.ps1'
[2.200s] INFO:colcon.colcon_core.shell:Creating package descriptor '/home/ubuntu/ros2_slam_nav_ws/install/robot_description/share/robot_description/package.dsv'
[2.200s] INFO:colcon.colcon_core.shell:Creating package script '/home/ubuntu/ros2_slam_nav_ws/install/robot_description/share/robot_description/package.sh'
[2.201s] INFO:colcon.colcon_core.shell:Creating package script '/home/ubuntu/ros2_slam_nav_ws/install/robot_description/share/robot_description/package.bash'
[2.201s] INFO:colcon.colcon_core.shell:Creating package script '/home/ubuntu/ros2_slam_nav_ws/install/robot_description/share/robot_description/package.zsh'
[2.201s] Level 1:colcon.colcon_core.environment:create_file_with_runtime_dependencies(/home/ubuntu/ros2_slam_nav_ws/install/robot_description/share/colcon-core/packages/robot_description)
[2.204s] Level 1:colcon.colcon_core.environment:checking '/home/ubuntu/ros2_slam_nav_ws/install/robot_nav2' for CMake module files
[2.205s] DEBUG:colcon.colcon_core.event_handler.log_command:Invoked command in '/home/ubuntu/ros2_slam_nav_ws/src/robot_nav2' returned '0': PYTHONPATH=/home/ubuntu/ros2_slam_nav_ws/build/robot_nav2/prefix_override:/home/ubuntu/ros2_slam_nav_ws/install/robot_nav2/lib/python3.10/site-packages:${PYTHONPATH} /usr/bin/python3 setup.py egg_info --egg-base ../../build/robot_nav2 build --build-base /home/ubuntu/ros2_slam_nav_ws/build/robot_nav2/build install --record /home/ubuntu/ros2_slam_nav_ws/build/robot_nav2/install.log --single-version-externally-managed
[2.205s] Level 1:colcon.colcon_core.environment:checking '/home/ubuntu/ros2_slam_nav_ws/install/robot_nav2' for CMake config files
[2.205s] Level 1:colcon.colcon_core.environment:checking '/home/ubuntu/ros2_slam_nav_ws/install/robot_nav2/lib'
[2.206s] Level 1:colcon.colcon_core.environment:checking '/home/ubuntu/ros2_slam_nav_ws/install/robot_nav2/bin'
[2.206s] Level 1:colcon.colcon_core.environment:checking '/home/ubuntu/ros2_slam_nav_ws/install/robot_nav2/lib/pkgconfig/robot_nav2.pc'
[2.206s] Level 1:colcon.colcon_core.environment:checking '/home/ubuntu/ros2_slam_nav_ws/install/robot_nav2/lib/python3.10/site-packages'
[2.206s] Level 1:colcon.colcon_core.shell:create_environment_hook('robot_nav2', 'pythonpath')
[2.207s] INFO:colcon.colcon_core.shell:Creating environment hook '/home/ubuntu/ros2_slam_nav_ws/install/robot_nav2/share/robot_nav2/hook/pythonpath.ps1'
[2.207s] INFO:colcon.colcon_core.shell:Creating environment descriptor '/home/ubuntu/ros2_slam_nav_ws/install/robot_nav2/share/robot_nav2/hook/pythonpath.dsv'
[2.207s] INFO:colcon.colcon_core.shell:Creating environment hook '/home/ubuntu/ros2_slam_nav_ws/install/robot_nav2/share/robot_nav2/hook/pythonpath.sh'
[2.207s] Level 1:colcon.colcon_core.environment:checking '/home/ubuntu/ros2_slam_nav_ws/install/robot_nav2/bin'
[2.208s] Level 1:colcon.colcon_core.environment:create_environment_scripts_only(robot_nav2)
[2.208s] INFO:colcon.colcon_core.shell:Creating package script '/home/ubuntu/ros2_slam_nav_ws/install/robot_nav2/share/robot_nav2/package.ps1'
[2.209s] INFO:colcon.colcon_core.shell:Creating package descriptor '/home/ubuntu/ros2_slam_nav_ws/install/robot_nav2/share/robot_nav2/package.dsv'
[2.209s] INFO:colcon.colcon_core.shell:Creating package script '/home/ubuntu/ros2_slam_nav_ws/install/robot_nav2/share/robot_nav2/package.sh'
[2.209s] INFO:colcon.colcon_core.shell:Creating package script '/home/ubuntu/ros2_slam_nav_ws/install/robot_nav2/share/robot_nav2/package.bash'
[2.209s] INFO:colcon.colcon_core.shell:Creating package script '/home/ubuntu/ros2_slam_nav_ws/install/robot_nav2/share/robot_nav2/package.zsh'
[2.210s] Level 1:colcon.colcon_core.environment:create_file_with_runtime_dependencies(/home/ubuntu/ros2_slam_nav_ws/install/robot_nav2/share/colcon-core/packages/robot_nav2)
[2.210s] DEBUG:colcon.colcon_parallel_executor.executor.parallel:closing loop
[2.211s] DEBUG:colcon.colcon_parallel_executor.executor.parallel:loop closed
[2.211s] DEBUG:colcon.colcon_parallel_executor.executor.parallel:run_until_complete finished with '0'
[2.211s] DEBUG:colcon.colcon_core.event_reactor:joining thread
[2.216s] INFO:colcon.colcon_core.plugin_system:Skipping extension 'colcon_notification.desktop_notification.terminal_notifier': Not used on non-Darwin systems
[2.216s] INFO:colcon.colcon_core.plugin_system:Skipping extension 'colcon_notification.desktop_notification.win32': Not used on non-Windows systems
[2.216s] INFO:colcon.colcon_notification.desktop_notification:Sending desktop notification using 'notify2'
[2.361s] DEBUG:colcon.colcon_core.event_reactor:joined thread
[2.362s] INFO:colcon.colcon_core.shell:Creating prefix script '/home/ubuntu/ros2_slam_nav_ws/install/local_setup.ps1'
[2.363s] INFO:colcon.colcon_core.shell:Creating prefix util module '/home/ubuntu/ros2_slam_nav_ws/install/_local_setup_util_ps1.py'
[2.364s] INFO:colcon.colcon_core.shell:Creating prefix chain script '/home/ubuntu/ros2_slam_nav_ws/install/setup.ps1'
[2.365s] INFO:colcon.colcon_core.shell:Creating prefix script '/home/ubuntu/ros2_slam_nav_ws/install/local_setup.sh'
[2.365s] INFO:colcon.colcon_core.shell:Creating prefix util module '/home/ubuntu/ros2_slam_nav_ws/install/_local_setup_util_sh.py'
[2.365s] INFO:colcon.colcon_core.shell:Creating prefix chain script '/home/ubuntu/ros2_slam_nav_ws/install/setup.sh'
[2.366s] INFO:colcon.colcon_core.shell:Creating prefix script '/home/ubuntu/ros2_slam_nav_ws/install/local_setup.bash'
[2.367s] INFO:colcon.colcon_core.shell:Creating prefix chain script '/home/ubuntu/ros2_slam_nav_ws/install/setup.bash'
[2.367s] INFO:colcon.colcon_core.shell:Creating prefix script '/home/ubuntu/ros2_slam_nav_ws/install/local_setup.zsh'
[2.368s] INFO:colcon.colcon_core.shell:Creating prefix chain script '/home/ubuntu/ros2_slam_nav_ws/install/setup.zsh'
